<?xml version="1.0" encoding="UTF-8"?>
<testsuite name="JUnit Jupiter" tests="8" skipped="0" failures="0" errors="0" time="15.014" hostname="Autentias-MacBook-Pro.local" timestamp="2017-10-13T13:32:55">
<properties>
<property name="awt.toolkit" value="sun.lwawt.macosx.LWCToolkit"/>
<property name="file.encoding" value="UTF-8"/>
<property name="file.encoding.pkg" value="sun.io"/>
<property name="file.separator" value="/"/>
<property name="ftp.nonProxyHosts" value="local|*.local|169.254/16|*.169.254/16"/>
<property name="gopherProxySet" value="false"/>
<property name="http.nonProxyHosts" value="local|*.local|169.254/16|*.169.254/16"/>
<property name="java.awt.graphicsenv" value="sun.awt.CGraphicsEnvironment"/>
<property name="java.awt.printerjob" value="sun.lwawt.macosx.CPrinterJob"/>
<property name="java.class.path" value="/Users/calberca/Workspace/todomvc/build/classes/java/test:/Users/calberca/Workspace/todomvc/build/resources/test:/Users/calberca/Workspace/todomvc/build/classes/java/main:/Users/calberca/Workspace/todomvc/build/resources/main:/Users/calberca/.gradle/caches/modules-2/files-2.1/com.codeborne/phantomjsdriver/1.4.0/333f3289207a970c9a97308df9d5ac0880e12aa8/phantomjsdriver-1.4.0.jar:/Users/calberca/.gradle/caches/modules-2/files-2.1/org.seleniumhq.selenium/selenium-java/3.5.3/5b50d4072e0e51779b6e9f3594106312061bfde/selenium-java-3.5.3.jar:/Users/calberca/.gradle/caches/modules-2/files-2.1/org.seleniumhq.selenium/selenium-chrome-driver/3.5.3/1e156413771d7ef55237525be0bac313ff430d86/selenium-chrome-driver-3.5.3.jar:/Users/calberca/.gradle/caches/modules-2/files-2.1/org.seleniumhq.selenium/htmlunit-driver/2.27/4ba0e5092d6785e3ad3975701425c82060ca8a97/htmlunit-driver-2.27.jar:/Users/calberca/.gradle/caches/modules-2/files-2.1/net.sourceforge.htmlunit/htmlunit/2.27/aea70f853583b0eadcaa6a0429595973036cc745/htmlunit-2.27.jar:/Users/calberca/.gradle/caches/modules-2/files-2.1/org.apache.commons/commons-lang3/3.5/6c6c702c89bfff3cd9e80b04d668c5e190d588c6/commons-lang3-3.5.jar:/Users/calberca/.gradle/caches/modules-2/files-2.1/org.junit.jupiter/junit-jupiter-engine/5.0.0/811b65ec5a499732868f76c1d2a6f5786774ff82/junit-jupiter-engine-5.0.0.jar:/Users/calberca/.gradle/caches/modules-2/files-2.1/org.junit.jupiter/junit-jupiter-api/5.0.0/f7fe1b74bef74d640493781abecafba191472ad/junit-jupiter-api-5.0.0.jar:/Users/calberca/.gradle/caches/modules-2/files-2.1/org.junit.platform/junit-platform-runner/1.0.0/441aff408cd4ac7595d877a6f11b28c2ec535eb0/junit-platform-runner-1.0.0.jar:/Users/calberca/.gradle/caches/modules-2/files-2.1/org.seleniumhq.selenium/selenium-edge-driver/3.5.3/abd2b24d3785251cb725bf26bcf9a1e3aac0e443/selenium-edge-driver-3.5.3.jar:/Users/calberca/.gradle/caches/modules-2/files-2.1/org.seleniumhq.selenium/selenium-firefox-driver/3.5.3/383b86b040affddedf2a99b4faad4225f03891dd/selenium-firefox-driver-3.5.3.jar:/Users/calberca/.gradle/caches/modules-2/files-2.1/org.seleniumhq.selenium/selenium-ie-driver/3.5.3/9cd90cf4eaeccde076b8346642da1e8584c8002/selenium-ie-driver-3.5.3.jar:/Users/calberca/.gradle/caches/modules-2/files-2.1/org.seleniumhq.selenium/selenium-opera-driver/3.5.3/1690747cd97c13254326a7356546a7cbbe965827/selenium-opera-driver-3.5.3.jar:/Users/calberca/.gradle/caches/modules-2/files-2.1/org.seleniumhq.selenium/selenium-safari-driver/3.5.3/ddc1cc9bbbf1781d16a4d649f0a9eb1bb34ffc79/selenium-safari-driver-3.5.3.jar:/Users/calberca/.gradle/caches/modules-2/files-2.1/org.seleniumhq.selenium/selenium-support/3.5.3/50a7fa2ee6c79eb91374642ab3845cee0e48d032/selenium-support-3.5.3.jar:/Users/calberca/.gradle/caches/modules-2/files-2.1/org.seleniumhq.selenium/selenium-remote-driver/3.5.3/30aad304ee719ca317c461196e363e0b62163ce/selenium-remote-driver-3.5.3.jar:/Users/calberca/.gradle/caches/modules-2/files-2.1/org.seleniumhq.selenium/selenium-api/3.5.3/dc1a9dfe5d5a01f737892f42bbce2c6f31989522/selenium-api-3.5.3.jar:/Users/calberca/.gradle/caches/modules-2/files-2.1/cglib/cglib-nodep/3.2.4/42c972dee25a436b32c6027e848287ff47ed6750/cglib-nodep-3.2.4.jar:/Users/calberca/.gradle/caches/modules-2/files-2.1/org.apache.commons/commons-exec/1.3/8dfb9facd0830a27b1b5f29f84593f0aeee7773b/commons-exec-1.3.jar:/Users/calberca/.gradle/caches/modules-2/files-2.1/org.apache.httpcomponents/httpmime/4.5.3/889fd6d061bb63b99dd5c6aba35a555ae863de52/httpmime-4.5.3.jar:/Users/calberca/.gradle/caches/modules-2/files-2.1/org.apache.httpcomponents/httpclient/4.5.3/d1577ae15f01ef5438c5afc62162457c00a34713/httpclient-4.5.3.jar:/Users/calberca/.gradle/caches/modules-2/files-2.1/commons-codec/commons-codec/1.10/4b95f4897fa13f2cd904aee711aeafc0c5295cd8/commons-codec-1.10.jar:/Users/calberca/.gradle/caches/modules-2/files-2.1/commons-io/commons-io/2.5/2852e6e05fbb95076fc091f6d1780f1f8fe35e0f/commons-io-2.5.jar:/Users/calberca/.gradle/caches/modules-2/files-2.1/commons-logging/commons-logging/1.2/4bfc12adfe4842bf07b657f0369c4cb522955686/commons-logging-1.2.jar:/Users/calberca/.gradle/caches/modules-2/files-2.1/net.sourceforge.cssparser/cssparser/0.9.23/7c704efdbde6c75b637434a89c863721f9e97187/cssparser-0.9.23.jar:/Users/calberca/.gradle/caches/modules-2/files-2.1/org.w3c.css/sac/1.3/cdb2dcb4e22b83d6b32b93095f644c3462739e82/sac-1.3.jar:/Users/calberca/.gradle/caches/modules-2/files-2.1/com.google.code.gson/gson/2.8.0/c4ba5371a29ac9b2ad6129b1d39ea38750043eff/gson-2.8.0.jar:/Users/calberca/.gradle/caches/modules-2/files-2.1/com.google.guava/guava/23.0/c947004bb13d18182be60077ade044099e4f26f1/guava-23.0.jar:/Users/calberca/.gradle/caches/modules-2/files-2.1/junit/junit/4.12/2973d150c0dc1fefe998f834810d68f278ea58ec/junit-4.12.jar:/Users/calberca/.gradle/caches/modules-2/files-2.1/org.hamcrest/hamcrest-core/1.3/42a25dc3219429f0e5d060061f71acb49bf010a0/hamcrest-core-1.3.jar:/Users/calberca/.gradle/caches/modules-2/files-2.1/net.sourceforge.htmlunit/htmlunit-core-js/2.27/ccdcd83d38d7134ef429dcca1b9ca75d299af2e6/htmlunit-core-js-2.27.jar:/Users/calberca/.gradle/caches/modules-2/files-2.1/net.sourceforge.htmlunit/neko-htmlunit/2.27/a1afb1fd290cc6d076639d852b80943c10ace0a2/neko-htmlunit-2.27.jar:/Users/calberca/.gradle/caches/modules-2/files-2.1/org.apache.httpcomponents/httpcore/4.4.6/e3fd8ced1f52c7574af952e2e6da0df8df08eb82/httpcore-4.4.6.jar:/Users/calberca/.gradle/caches/modules-2/files-2.1/org.eclipse.jetty.websocket/websocket-client/9.4.5.v20170502/5c7de9bd7d448de674267a58e91d804c65f7105a/websocket-client-9.4.5.v20170502.jar:/Users/calberca/.gradle/caches/modules-2/files-2.1/org.eclipse.jetty/jetty-client/9.4.5.v20170502/ca35c26110afd73d4cc164682bd0d4b0c1e057cb/jetty-client-9.4.5.v20170502.jar:/Users/calberca/.gradle/caches/modules-2/files-2.1/org.eclipse.jetty/jetty-http/9.4.5.v20170502/c51b8a6a67d64672889249dd958edd77bff8fc0c/jetty-http-9.4.5.v20170502.jar:/Users/calberca/.gradle/caches/modules-2/files-2.1/org.eclipse.jetty.websocket/websocket-common/9.4.5.v20170502/2a385e7b044a1832efa4cf98bc1ea326fa0804c2/websocket-common-9.4.5.v20170502.jar:/Users/calberca/.gradle/caches/modules-2/files-2.1/org.eclipse.jetty/jetty-io/9.4.5.v20170502/76086f955d4e943396b8f340fd5bae3ce4da19d9/jetty-io-9.4.5.v20170502.jar:/Users/calberca/.gradle/caches/modules-2/files-2.1/org.eclipse.jetty/jetty-util/9.4.5.v20170502/5fd36dfcf39110b809bd9b20cec62706ab694711/jetty-util-9.4.5.v20170502.jar:/Users/calberca/.gradle/caches/modules-2/files-2.1/net.java.dev.jna/jna-platform/4.1.0/23457ad1cf75c2c16763330de5565a0e67b4bc0a/jna-platform-4.1.0.jar:/Users/calberca/.gradle/caches/modules-2/files-2.1/net.java.dev.jna/jna/4.1.0/1c12d070e602efd8021891cdd7fd18bc129372d4/jna-4.1.0.jar:/Users/calberca/.gradle/caches/modules-2/files-2.1/javax.servlet/javax.servlet-api/3.1.0/3cd63d075497751784b2fa84be59432f4905bf7c/javax.servlet-api-3.1.0.jar:/Users/calberca/.gradle/caches/modules-2/files-2.1/org.eclipse.jetty.websocket/websocket-api/9.4.5.v20170502/521348a576e0d70f4abb7813fa1743919ec0921a/websocket-api-9.4.5.v20170502.jar:/Users/calberca/.gradle/caches/modules-2/files-2.1/xalan/xalan/2.7.2/d55d3f02a56ec4c25695fe67e1334ff8c2ecea23/xalan-2.7.2.jar:/Users/calberca/.gradle/caches/modules-2/files-2.1/xalan/serializer/2.7.2/24247f3bb052ee068971393bdb83e04512bb1c3c/serializer-2.7.2.jar:/Users/calberca/.gradle/caches/modules-2/files-2.1/xerces/xercesImpl/2.11.0/9bb329db1cfc4e22462c9d6b43a8432f5850e92c/xercesImpl-2.11.0.jar:/Users/calberca/.gradle/caches/modules-2/files-2.1/xml-apis/xml-apis/1.4.01/3789d9fada2d3d458c4ba2de349d48780f381ee3/xml-apis-1.4.01.jar:/Users/calberca/.gradle/caches/modules-2/files-2.1/org.junit.platform/junit-platform-launcher/1.0.0/5602a195a442636276efefce2a4c7b418cd67e5c/junit-platform-launcher-1.0.0.jar:/Users/calberca/.gradle/caches/modules-2/files-2.1/org.junit.platform/junit-platform-engine/1.0.0/fdc6f63a689b894529ea5e9e218b65422748fd/junit-platform-engine-1.0.0.jar:/Users/calberca/.gradle/caches/modules-2/files-2.1/org.junit.platform/junit-platform-suite-api/1.0.0/9dafe3b1e364203e3ced0e601892184a6119fc5/junit-platform-suite-api-1.0.0.jar:/Users/calberca/.gradle/caches/modules-2/files-2.1/org.junit.platform/junit-platform-commons/1.0.0/d2e03d9b21020746d48fe45834ff7d71fbcbd7b2/junit-platform-commons-1.0.0.jar:/Users/calberca/.gradle/caches/modules-2/files-2.1/org.apiguardian/apiguardian-api/1.0.0/3ef5276905e36f4d8055fe3cb0bdcc7503ffc85d/apiguardian-api-1.0.0.jar:/Users/calberca/.gradle/caches/modules-2/files-2.1/org.opentest4j/opentest4j/1.0.0/6f09c598e9ff64bf0ce2fa7e7de49a99ba83c0b4/opentest4j-1.0.0.jar:/Users/calberca/.gradle/caches/modules-2/files-2.1/com.google.code.findbugs/jsr305/1.3.9/40719ea6961c0cb6afaeb6a921eaa1f6afd4cfdf/jsr305-1.3.9.jar:/Users/calberca/.gradle/caches/modules-2/files-2.1/com.google.errorprone/error_prone_annotations/2.0.18/5f65affce1684999e2f4024983835efc3504012e/error_prone_annotations-2.0.18.jar:/Users/calberca/.gradle/caches/modules-2/files-2.1/com.google.j2objc/j2objc-annotations/1.1/ed28ded51a8b1c6b112568def5f4b455e6809019/j2objc-annotations-1.1.jar:/Users/calberca/.gradle/caches/modules-2/files-2.1/org.codehaus.mojo/animal-sniffer-annotations/1.14/775b7e22fb10026eed3f86e8dc556dfafe35f2d5/animal-sniffer-annotations-1.14.jar:/Users/calberca/.gradle/caches/modules-2/files-2.1/org.junit.platform/junit-platform-console/1.0.0/2931079616796bc4537f7e3c236f8fdfe7e51237/junit-platform-console-1.0.0.jar"/>
<property name="java.class.version" value="52.0"/>
<property name="java.endorsed.dirs" value="/Users/calberca/.sdkman/candidates/java/8u144-zulu/jre/lib/endorsed"/>
<property name="java.ext.dirs" value="/Users/calberca/Library/Java/Extensions:/Users/calberca/.sdkman/candidates/java/8u144-zulu/jre/lib/ext:/Library/Java/Extensions:/Network/Library/Java/Extensions:/System/Library/Java/Extensions:/usr/lib/java"/>
<property name="java.home" value="/Users/calberca/.sdkman/candidates/java/8u144-zulu/jre"/>
<property name="java.io.tmpdir" value="/var/folders/7y/lbgrsl5d5dv_9mfb_82b8s300000gp/T/"/>
<property name="java.library.path" value="/Users/calberca/Library/Java/Extensions:/Library/Java/Extensions:/Network/Library/Java/Extensions:/System/Library/Java/Extensions:/usr/lib/java:."/>
<property name="java.runtime.name" value="OpenJDK Runtime Environment"/>
<property name="java.runtime.version" value="1.8.0_144-b01"/>
<property name="java.specification.name" value="Java Platform API Specification"/>
<property name="java.specification.vendor" value="Oracle Corporation"/>
<property name="java.specification.version" value="1.8"/>
<property name="java.vendor" value="Azul Systems, Inc."/>
<property name="java.vendor.url" value="http://www.azulsystems.com/"/>
<property name="java.vendor.url.bug" value="http://www.azulsystems.com/support/"/>
<property name="java.version" value="1.8.0_144"/>
<property name="java.vm.info" value="mixed mode"/>
<property name="java.vm.name" value="OpenJDK 64-Bit Server VM"/>
<property name="java.vm.specification.name" value="Java Virtual Machine Specification"/>
<property name="java.vm.specification.vendor" value="Oracle Corporation"/>
<property name="java.vm.specification.version" value="1.8"/>
<property name="java.vm.vendor" value="Azul Systems, Inc."/>
<property name="java.vm.version" value="25.144-b01"/>
<property name="line.separator" value="
"/>
<property name="os.arch" value="x86_64"/>
<property name="os.name" value="Mac OS X"/>
<property name="os.version" value="10.13"/>
<property name="path.separator" value=":"/>
<property name="socksNonProxyHosts" value="local|*.local|169.254/16|*.169.254/16"/>
<property name="sun.arch.data.model" value="64"/>
<property name="sun.boot.class.path" value="/Users/calberca/.sdkman/candidates/java/8u144-zulu/jre/lib/resources.jar:/Users/calberca/.sdkman/candidates/java/8u144-zulu/jre/lib/rt.jar:/Users/calberca/.sdkman/candidates/java/8u144-zulu/jre/lib/sunrsasign.jar:/Users/calberca/.sdkman/candidates/java/8u144-zulu/jre/lib/jsse.jar:/Users/calberca/.sdkman/candidates/java/8u144-zulu/jre/lib/jce.jar:/Users/calberca/.sdkman/candidates/java/8u144-zulu/jre/lib/charsets.jar:/Users/calberca/.sdkman/candidates/java/8u144-zulu/jre/lib/jfr.jar:/Users/calberca/.sdkman/candidates/java/8u144-zulu/jre/classes"/>
<property name="sun.boot.library.path" value="/Users/calberca/.sdkman/candidates/java/8u144-zulu/jre/lib"/>
<property name="sun.cpu.endian" value="little"/>
<property name="sun.cpu.isalist" value=""/>
<property name="sun.io.unicode.encoding" value="UnicodeBig"/>
<property name="sun.java.command" value="org.junit.platform.console.ConsoleLauncher --details NONE --scan-class-path /Users/calberca/Workspace/todomvc/build/classes/java/main:/Users/calberca/Workspace/todomvc/build/resources/main:/Users/calberca/Workspace/todomvc/build/classes/java/test:/Users/calberca/Workspace/todomvc/build/resources/test -n ^.*Tests?$ --reports-dir /Users/calberca/Workspace/todomvc/build/test-results/junit-platform"/>
<property name="sun.java.launcher" value="SUN_STANDARD"/>
<property name="sun.jnu.encoding" value="UTF-8"/>
<property name="sun.management.compiler" value="HotSpot 64-Bit Tiered Compilers"/>
<property name="sun.os.patch.level" value="unknown"/>
<property name="user.country" value="US"/>
<property name="user.dir" value="/Users/calberca/Workspace/todomvc"/>
<property name="user.home" value="/Users/calberca"/>
<property name="user.language" value="en"/>
<property name="user.name" value="calberca"/>
<property name="user.timezone" value="Europe/Madrid"/>
<property name="user.variant" value=""/>
<property name="webdriver.chrome.driver" value="/Users/calberca/Workspace/todomvc/build/resources/test/chromedriver-mac"/>
</properties>
<testcase name="testClearCompletedTodos()" classname="com.autentia.training.selenium.todomvc.main.TodoMvcFlowTest" time="2.306">
<system-out><![CDATA[
unique-id: [engine:junit-jupiter]/[class:com.autentia.training.selenium.todomvc.main.TodoMvcFlowTest]/[method:testClearCompletedTodos()]
display-name: it should clear completed todos
]]></system-out>
</testcase>
<testcase name="testEditTodo()" classname="com.autentia.training.selenium.todomvc.main.TodoMvcFlowTest" time="2.004">
<system-out><![CDATA[
unique-id: [engine:junit-jupiter]/[class:com.autentia.training.selenium.todomvc.main.TodoMvcFlowTest]/[method:testEditTodo()]
display-name: it should edit an already created todo
]]></system-out>
</testcase>
<testcase name="testLoadingCapabilities()" classname="com.autentia.training.selenium.todomvc.main.TodoMvcFlowTest" time="1.489">
<system-out><![CDATA[
unique-id: [engine:junit-jupiter]/[class:com.autentia.training.selenium.todomvc.main.TodoMvcFlowTest]/[method:testLoadingCapabilities()]
display-name: it should load the page correctly
]]></system-out>
</testcase>
<testcase name="testCompleteTodo()" classname="com.autentia.training.selenium.todomvc.main.TodoMvcFlowTest" time="1.81">
<system-out><![CDATA[
unique-id: [engine:junit-jupiter]/[class:com.autentia.training.selenium.todomvc.main.TodoMvcFlowTest]/[method:testCompleteTodo()]
display-name: it should complete a given todo
]]></system-out>
</testcase>
<testcase name="testCreateTodo()" classname="com.autentia.training.selenium.todomvc.main.TodoMvcFlowTest" time="1.72">
<system-out><![CDATA[
unique-id: [engine:junit-jupiter]/[class:com.autentia.training.selenium.todomvc.main.TodoMvcFlowTest]/[method:testCreateTodo()]
display-name: it should create a new todo
]]></system-out>
</testcase>
<testcase name="testDeleteTodo()" classname="com.autentia.training.selenium.todomvc.main.TodoMvcFlowTest" time="1.699">
<system-out><![CDATA[
unique-id: [engine:junit-jupiter]/[class:com.autentia.training.selenium.todomvc.main.TodoMvcFlowTest]/[method:testDeleteTodo()]
display-name: it should delete a given todo
]]></system-out>
</testcase>
<testcase name="testFilterCompletedTodos()" classname="com.autentia.training.selenium.todomvc.main.TodoMvcFlowTest$FilterTodosTest" time="1.919">
<system-out><![CDATA[
unique-id: [engine:junit-jupiter]/[class:com.autentia.training.selenium.todomvc.main.TodoMvcFlowTest]/[nested-class:FilterTodosTest]/[method:testFilterCompletedTodos()]
display-name: it should filter completed todos
]]></system-out>
</testcase>
<testcase name="testFilterActiveTodos()" classname="com.autentia.training.selenium.todomvc.main.TodoMvcFlowTest$FilterTodosTest" time="2.038">
<system-out><![CDATA[
unique-id: [engine:junit-jupiter]/[class:com.autentia.training.selenium.todomvc.main.TodoMvcFlowTest]/[nested-class:FilterTodosTest]/[method:testFilterActiveTodos()]
display-name: it should filter active todos
]]></system-out>
</testcase>
<system-out><![CDATA[
unique-id: [engine:junit-jupiter]
display-name: JUnit Jupiter
]]></system-out>
</testsuite>
